timestamp;OpenCEM-id;name;connected;power;energy_import;energy_export;room_temp;storage_temp;mode;channel_values;consumption_price;production_price;scaled_output
26.09.24 08:32:06;d6ae5f18-3360-457d-897e-ea08f01e166c;REMAINING_CONSUMPTION;True;0.03;0;0;;;0;
26.09.24 08:32:06;832edb56-e87f-49e0-951c-45bc41c91336;Hausanschluss;True;0.03;0;0;;;0;
26.09.24 08:32:06;dd0862e7-1f85-471d-9dba-a6310b1fd0f3;PV-Anlage Garage;True;0;0;0;;;0;
26.09.24 08:32:06;0c4cab7e-6bbf-4f1e-a2fc-73c7e9716961;Ladestation;True;0;0;0;;;0;
26.09.24 08:32:06;;consumption_price_Elektroheizung;;;;;;;;;13.65;15.0;-0.09890109890109887
26.09.24 08:32:06;990a98a1-6c5f-4a02-b85a-002549f82a49;Elektroheizung;True;0;0;0;20.75;;0;
26.09.24 08:32:06;;global_total_consumption;;0.03;;;;;;
26.09.24 08:32:06;;global_total_power_reserved;;0;;;;;;
26.09.24 08:32:06;;global_total_consumption_plus_reserved;;0.03;;;;;;
26.09.24 08:32:06;;global_total_production;;0;;;;;;
26.09.24 08:32:08;d6ae5f18-3360-457d-897e-ea08f01e166c;REMAINING_CONSUMPTION;True;0.09;0;0;;;0;
26.09.24 08:32:08;832edb56-e87f-49e0-951c-45bc41c91336;Hausanschluss;True;0.09;0;0;;;0;
26.09.24 08:32:08;dd0862e7-1f85-471d-9dba-a6310b1fd0f3;PV-Anlage Garage;True;0;0;0;;;0;
26.09.24 08:32:08;0c4cab7e-6bbf-4f1e-a2fc-73c7e9716961;Ladestation;True;0;0;0;;;0;
26.09.24 08:32:08;;consumption_price_Elektroheizung;;;;;;;;;13.776;15.0;-0.0888501742160279
26.09.24 08:32:08;990a98a1-6c5f-4a02-b85a-002549f82a49;Elektroheizung;True;0;0;0;20.68;;0;
26.09.24 08:32:08;;global_total_consumption;;0.09;;;;;;
26.09.24 08:32:08;;global_total_power_reserved;;0;;;;;;
26.09.24 08:32:08;;global_total_consumption_plus_reserved;;0.09;;;;;;
26.09.24 08:32:08;;global_total_production;;0;;;;;;
26.09.24 08:32:09;d6ae5f18-3360-457d-897e-ea08f01e166c;REMAINING_CONSUMPTION;True;0.04;0;0;;;0;
26.09.24 08:32:09;832edb56-e87f-49e0-951c-45bc41c91336;Hausanschluss;True;0.04;0;0;;;0;
26.09.24 08:32:09;dd0862e7-1f85-471d-9dba-a6310b1fd0f3;PV-Anlage Garage;True;0;0;0;;;0;
26.09.24 08:32:09;0c4cab7e-6bbf-4f1e-a2fc-73c7e9716961;Ladestation;True;0;0;0;;;0;
26.09.24 08:32:09;;consumption_price_Elektroheizung;;;;;;;;;13.883999999999999;15.0;-0.08038029386344005
26.09.24 08:32:09;990a98a1-6c5f-4a02-b85a-002549f82a49;Elektroheizung;True;0;0;0;20.62;;0;
26.09.24 08:32:09;;global_total_consumption;;0.04;;;;;;
26.09.24 08:32:09;;global_total_power_reserved;;0;;;;;;
26.09.24 08:32:09;;global_total_consumption_plus_reserved;;0.04;;;;;;
26.09.24 08:32:09;;global_total_production;;0;;;;;;
26.09.24 08:32:10;d6ae5f18-3360-457d-897e-ea08f01e166c;REMAINING_CONSUMPTION;True;0.06;0;0;;;0;
26.09.24 08:32:10;832edb56-e87f-49e0-951c-45bc41c91336;Hausanschluss;True;0.06;0;0;;;0;
26.09.24 08:32:10;dd0862e7-1f85-471d-9dba-a6310b1fd0f3;PV-Anlage Garage;True;0;0;0;;;0;
26.09.24 08:32:10;0c4cab7e-6bbf-4f1e-a2fc-73c7e9716961;Ladestation;True;0;0;0;;;0;
26.09.24 08:32:10;;consumption_price_Elektroheizung;;;;;;;;;14.009999999999998;15.0;-0.07066381156316932
26.09.24 08:32:10;990a98a1-6c5f-4a02-b85a-002549f82a49;Elektroheizung;True;0;0;0;20.55;;0;
26.09.24 08:32:10;;global_total_consumption;;0.06;;;;;;
26.09.24 08:32:10;;global_total_power_reserved;;0;;;;;;
26.09.24 08:32:10;;global_total_consumption_plus_reserved;;0.06;;;;;;
26.09.24 08:32:10;;global_total_production;;0;;;;;;
26.09.24 08:32:11;d6ae5f18-3360-457d-897e-ea08f01e166c;REMAINING_CONSUMPTION;True;0.09;0;0;;;0;
26.09.24 08:32:11;832edb56-e87f-49e0-951c-45bc41c91336;Hausanschluss;True;0.09;0;0;;;0;
26.09.24 08:32:11;dd0862e7-1f85-471d-9dba-a6310b1fd0f3;PV-Anlage Garage;True;0;0;0;;;0;
26.09.24 08:32:11;0c4cab7e-6bbf-4f1e-a2fc-73c7e9716961;Ladestation;True;0;0;0;;;0;
26.09.24 08:32:11;;consumption_price_Elektroheizung;;;;;;;;;14.118000000000002;15.0;-0.06247343816404574
26.09.24 08:32:11;990a98a1-6c5f-4a02-b85a-002549f82a49;Elektroheizung;True;0;0;0;20.49;;0;
26.09.24 08:32:11;;global_total_consumption;;0.09;;;;;;
26.09.24 08:32:11;;global_total_power_reserved;;0;;;;;;
26.09.24 08:32:11;;global_total_consumption_plus_reserved;;0.09;;;;;;
26.09.24 08:32:11;;global_total_production;;0;;;;;;
26.09.24 08:32:12;d6ae5f18-3360-457d-897e-ea08f01e166c;REMAINING_CONSUMPTION;True;0.0;0;0;;;0;
26.09.24 08:32:12;832edb56-e87f-49e0-951c-45bc41c91336;Hausanschluss;True;0.0;0;0;;;0;
26.09.24 08:32:12;dd0862e7-1f85-471d-9dba-a6310b1fd0f3;PV-Anlage Garage;True;0;0;0;;;0;
26.09.24 08:32:12;0c4cab7e-6bbf-4f1e-a2fc-73c7e9716961;Ladestation;True;0;0;0;;;0;
26.09.24 08:32:12;;consumption_price_Elektroheizung;;;;;;;;;14.207999999999998;15.0;-0.05574324324324336
26.09.24 08:32:12;990a98a1-6c5f-4a02-b85a-002549f82a49;Elektroheizung;True;0;0;0;20.44;;0;
26.09.24 08:32:12;;global_total_consumption;;0.0;;;;;;
26.09.24 08:32:12;;global_total_power_reserved;;0;;;;;;
26.09.24 08:32:12;;global_total_consumption_plus_reserved;;0.0;;;;;;
26.09.24 08:32:12;;global_total_production;;0;;;;;;
26.09.24 08:32:13;d6ae5f18-3360-457d-897e-ea08f01e166c;REMAINING_CONSUMPTION;True;0.02;0;0;;;0;
26.09.24 08:32:13;832edb56-e87f-49e0-951c-45bc41c91336;Hausanschluss;True;0.02;0;0;;;0;
26.09.24 08:32:13;dd0862e7-1f85-471d-9dba-a6310b1fd0f3;PV-Anlage Garage;True;0;0;0;;;0;
26.09.24 08:32:13;0c4cab7e-6bbf-4f1e-a2fc-73c7e9716961;Ladestation;True;0;0;0;;;0;
26.09.24 08:32:13;;consumption_price_Elektroheizung;;;;;;;;;14.333999999999998;15.0;-0.04646295521138567
26.09.24 08:32:13;990a98a1-6c5f-4a02-b85a-002549f82a49;Elektroheizung;True;0;0;0;20.37;;0;
26.09.24 08:32:13;;global_total_consumption;;0.02;;;;;;
26.09.24 08:32:13;;global_total_power_reserved;;0;;;;;;
26.09.24 08:32:13;;global_total_consumption_plus_reserved;;0.02;;;;;;
26.09.24 08:32:13;;global_total_production;;0;;;;;;
26.09.24 08:32:14;d6ae5f18-3360-457d-897e-ea08f01e166c;REMAINING_CONSUMPTION;True;0.08;0;0;;;0;
26.09.24 08:32:14;832edb56-e87f-49e0-951c-45bc41c91336;Hausanschluss;True;0.08;0;0;;;0;
26.09.24 08:32:14;dd0862e7-1f85-471d-9dba-a6310b1fd0f3;PV-Anlage Garage;True;0;0;0;;;0;
26.09.24 08:32:14;0c4cab7e-6bbf-4f1e-a2fc-73c7e9716961;Ladestation;True;0;0;0;;;0;
26.09.24 08:32:14;;consumption_price_Elektroheizung;;;;;;;;;14.442000000000002;15.0;-0.03863730785209791
26.09.24 08:32:14;990a98a1-6c5f-4a02-b85a-002549f82a49;Elektroheizung;True;0;0;0;20.31;;0;
26.09.24 08:32:14;;global_total_consumption;;0.08;;;;;;
26.09.24 08:32:14;;global_total_power_reserved;;0;;;;;;
26.09.24 08:32:14;;global_total_consumption_plus_reserved;;0.08;;;;;;
26.09.24 08:32:14;;global_total_production;;0;;;;;;
26.09.24 08:32:15;d6ae5f18-3360-457d-897e-ea08f01e166c;REMAINING_CONSUMPTION;True;0.04;0;0;;;0;
26.09.24 08:32:15;832edb56-e87f-49e0-951c-45bc41c91336;Hausanschluss;True;0.04;0;0;;;0;
26.09.24 08:32:15;dd0862e7-1f85-471d-9dba-a6310b1fd0f3;PV-Anlage Garage;True;0;0;0;;;0;
26.09.24 08:32:15;0c4cab7e-6bbf-4f1e-a2fc-73c7e9716961;Ladestation;True;0;0;0;;;0;
26.09.24 08:32:15;;consumption_price_Elektroheizung;;;;;;;;;14.55;15.0;-0.03092783505154634
26.09.24 08:32:15;990a98a1-6c5f-4a02-b85a-002549f82a49;Elektroheizung;True;0;0;0;20.25;;0;
26.09.24 08:32:15;;global_total_consumption;;0.04;;;;;;
26.09.24 08:32:15;;global_total_power_reserved;;0;;;;;;
26.09.24 08:32:15;;global_total_consumption_plus_reserved;;0.04;;;;;;
26.09.24 08:32:15;;global_total_production;;0;;;;;;
26.09.24 08:32:16;d6ae5f18-3360-457d-897e-ea08f01e166c;REMAINING_CONSUMPTION;True;0.1;0;0;;;0;
26.09.24 08:32:16;832edb56-e87f-49e0-951c-45bc41c91336;Hausanschluss;True;0.1;0;0;;;0;
26.09.24 08:32:16;dd0862e7-1f85-471d-9dba-a6310b1fd0f3;PV-Anlage Garage;True;0;0;0;;;0;
26.09.24 08:32:16;0c4cab7e-6bbf-4f1e-a2fc-73c7e9716961;Ladestation;True;0;0;0;;;0;
26.09.24 08:32:16;;consumption_price_Elektroheizung;;;;;;;;;14.657999999999998;15.0;-0.023331968890708307
26.09.24 08:32:16;990a98a1-6c5f-4a02-b85a-002549f82a49;Elektroheizung;True;0;0;0;20.19;;0;
26.09.24 08:32:16;;global_total_consumption;;0.1;;;;;;
26.09.24 08:32:16;;global_total_power_reserved;;0;;;;;;
26.09.24 08:32:16;;global_total_consumption_plus_reserved;;0.1;;;;;;
26.09.24 08:32:16;;global_total_production;;0;;;;;;
26.09.24 08:32:17;d6ae5f18-3360-457d-897e-ea08f01e166c;REMAINING_CONSUMPTION;True;0.02;0;0;;;0;
26.09.24 08:32:17;832edb56-e87f-49e0-951c-45bc41c91336;Hausanschluss;True;0.02;0;0;;;0;
26.09.24 08:32:17;dd0862e7-1f85-471d-9dba-a6310b1fd0f3;PV-Anlage Garage;True;0;0;0;;;0;
26.09.24 08:32:17;0c4cab7e-6bbf-4f1e-a2fc-73c7e9716961;Ladestation;True;0;0;0;;;0;
26.09.24 08:32:17;;consumption_price_Elektroheizung;;;;;;;;;14.766000000000002;15.0;-0.015847216578626453
26.09.24 08:32:17;990a98a1-6c5f-4a02-b85a-002549f82a49;Elektroheizung;True;0;0;0;20.13;;0;
26.09.24 08:32:17;;global_total_consumption;;0.02;;;;;;
26.09.24 08:32:17;;global_total_power_reserved;;0;;;;;;
26.09.24 08:32:17;;global_total_consumption_plus_reserved;;0.02;;;;;;
26.09.24 08:32:17;;global_total_production;;0;;;;;;
26.09.24 08:32:18;d6ae5f18-3360-457d-897e-ea08f01e166c;REMAINING_CONSUMPTION;True;0.04;0;0;;;0;
26.09.24 08:32:18;832edb56-e87f-49e0-951c-45bc41c91336;Hausanschluss;True;0.04;0;0;;;0;
26.09.24 08:32:18;dd0862e7-1f85-471d-9dba-a6310b1fd0f3;PV-Anlage Garage;True;0;0;0;;;0;
26.09.24 08:32:18;0c4cab7e-6bbf-4f1e-a2fc-73c7e9716961;Ladestation;True;0;0;0;;;0;
26.09.24 08:32:18;;consumption_price_Elektroheizung;;;;;;;;;14.856000000000003;15.0;-0.009693053311792982
26.09.24 08:32:18;990a98a1-6c5f-4a02-b85a-002549f82a49;Elektroheizung;True;0;0;0;20.08;;0;
26.09.24 08:32:18;;global_total_consumption;;0.04;;;;;;
26.09.24 08:32:18;;global_total_power_reserved;;0;;;;;;
26.09.24 08:32:18;;global_total_consumption_plus_reserved;;0.04;;;;;;
26.09.24 08:32:18;;global_total_production;;0;;;;;;
26.09.24 08:32:19;d6ae5f18-3360-457d-897e-ea08f01e166c;REMAINING_CONSUMPTION;True;0.03;0;0;;;0;
26.09.24 08:32:19;832edb56-e87f-49e0-951c-45bc41c91336;Hausanschluss;True;0.03;0;0;;;0;
26.09.24 08:32:19;dd0862e7-1f85-471d-9dba-a6310b1fd0f3;PV-Anlage Garage;True;0;0;0;;;0;
26.09.24 08:32:19;0c4cab7e-6bbf-4f1e-a2fc-73c7e9716961;Ladestation;True;0;0;0;;;0;
26.09.24 08:32:19;;consumption_price_Elektroheizung;;;;;;;;;14.964;15.0;-0.00240577385725739
26.09.24 08:32:19;990a98a1-6c5f-4a02-b85a-002549f82a49;Elektroheizung;True;0;0;0;20.02;;0;
26.09.24 08:32:19;;global_total_consumption;;0.03;;;;;;
26.09.24 08:32:19;;global_total_power_reserved;;0;;;;;;
26.09.24 08:32:19;;global_total_consumption_plus_reserved;;0.03;;;;;;
26.09.24 08:32:19;;global_total_production;;0;;;;;;
26.09.24 08:32:20;d6ae5f18-3360-457d-897e-ea08f01e166c;REMAINING_CONSUMPTION;True;0.01;0;0;;;0;
26.09.24 08:32:20;832edb56-e87f-49e0-951c-45bc41c91336;Hausanschluss;True;0.01;0;0;;;0;
26.09.24 08:32:20;dd0862e7-1f85-471d-9dba-a6310b1fd0f3;PV-Anlage Garage;True;0;0;0;;;0;
26.09.24 08:32:20;0c4cab7e-6bbf-4f1e-a2fc-73c7e9716961;Ladestation;True;0;0;0;;;0;
26.09.24 08:32:20;;consumption_price_Elektroheizung;;;;;;;;;15.054000000000002;15.0;0.0035870864886410284
26.09.24 08:32:20;990a98a1-6c5f-4a02-b85a-002549f82a49;Elektroheizung;True;0;0;0;19.97;;1;
26.09.24 08:32:20;;global_total_consumption;;0.01;;;;;;
26.09.24 08:32:20;;global_total_power_reserved;;0;;;;;;
26.09.24 08:32:20;;global_total_consumption_plus_reserved;;0.01;;;;;;
26.09.24 08:32:20;;global_total_production;;0;;;;;;
