2024-10-04 07:59:58,533 INFO: OpenCEM started // File"C:\DATA\Spinoff\Software\Github\SmartGridReady\SGrPythonSamples\OpenCEM_main.py", function main, line 89
2024-10-04 08:00:00,678 ERROR: Unclosed client session
client_session: <aiohttp.client.ClientSession object at 0x00000258ADF78460> // File"C:\Users\david.zogg\AppData\Local\Programs\Python\Python310\lib\asyncio\base_events.py", function default_exception_handler, line 1744
2024-10-04 08:01:53,406 INFO: OpenCEM started // File"C:\DATA\Spinoff\Software\Github\SmartGridReady\SGrPythonSamples\OpenCEM_main.py", function main, line 89
2024-10-04 08:01:55,511 ERROR: Unclosed client session
client_session: <aiohttp.client.ClientSession object at 0x00000299563A8490> // File"C:\Users\david.zogg\AppData\Local\Programs\Python\Python310\lib\asyncio\base_events.py", function default_exception_handler, line 1744
2024-10-04 08:03:44,556 INFO: OpenCEM started // File"C:\DATA\Spinoff\Software\Github\SmartGridReady\SGrPythonSamples\OpenCEM_main.py", function main, line 89
2024-10-04 08:03:46,676 ERROR: Unclosed client session
client_session: <aiohttp.client.ClientSession object at 0x000001B308F68490> // File"C:\Users\david.zogg\AppData\Local\Programs\Python\Python310\lib\asyncio\base_events.py", function default_exception_handler, line 1744
2024-10-04 08:05:53,839 INFO: OpenCEM started // File"C:\DATA\Spinoff\Software\Github\SmartGridReady\SGrPythonSamples\OpenCEM_main.py", function main, line 89
2024-10-04 08:05:55,939 ERROR: Unclosed client session
client_session: <aiohttp.client.ClientSession object at 0x000002AC05BA84C0> // File"C:\Users\david.zogg\AppData\Local\Programs\Python\Python310\lib\asyncio\base_events.py", function default_exception_handler, line 1744
2024-10-04 08:11:07,930 INFO: OpenCEM started // File"C:\DATA\Spinoff\Software\Github\SmartGridReady\SGrPythonSamples\OpenCEM_main.py", function main, line 89
2024-10-04 08:11:10,001 ERROR: Unclosed client session
client_session: <aiohttp.client.ClientSession object at 0x000002D76DE28460> // File"C:\Users\david.zogg\AppData\Local\Programs\Python\Python310\lib\asyncio\base_events.py", function default_exception_handler, line 1744
2024-10-04 08:11:51,453 INFO: OpenCEM started // File"C:\DATA\Spinoff\Software\Github\SmartGridReady\SGrPythonSamples\OpenCEM_main.py", function main, line 89
2024-10-04 08:11:53,566 ERROR: Unclosed client session
client_session: <aiohttp.client.ClientSession object at 0x000002826C3FC0D0> // File"C:\Users\david.zogg\AppData\Local\Programs\Python\Python310\lib\asyncio\base_events.py", function default_exception_handler, line 1744
2024-10-04 08:22:20,757 INFO: OpenCEM started // File"C:\DATA\Spinoff\Software\Github\SmartGridReady\SGrPythonSamples\OpenCEM_main.py", function main, line 81
2024-10-04 08:22:22,932 ERROR: Unclosed client session
client_session: <aiohttp.client.ClientSession object at 0x000001F550F1D540> // File"C:\Users\david.zogg\AppData\Local\Programs\Python\Python310\lib\asyncio\base_events.py", function default_exception_handler, line 1744
2024-10-04 08:24:38,753 INFO: OpenCEM started // File"C:\DATA\Spinoff\Software\Github\SmartGridReady\SGrPythonSamples\OpenCEM_main.py", function main, line 81
2024-10-04 08:24:42,944 ERROR: Unclosed client session
client_session: <aiohttp.client.ClientSession object at 0x00000239FA8B9CF0> // File"C:\Users\david.zogg\AppData\Local\Programs\Python\Python310\lib\asyncio\base_events.py", function default_exception_handler, line 1744
2024-10-04 08:27:56,871 INFO: OpenCEM started // File"C:\DATA\Spinoff\Software\Github\SmartGridReady\SGrPythonSamples\OpenCEM_main.py", function main, line 81
2024-10-04 08:29:04,262 ERROR: Unclosed client session
client_session: <aiohttp.client.ClientSession object at 0x000002A0C114CFD0> // File"C:\Users\david.zogg\AppData\Local\Programs\Python\Python310\lib\asyncio\base_events.py", function default_exception_handler, line 1744
2024-10-04 08:40:06,750 INFO: OpenCEM started // File"C:\DATA\Spinoff\Software\Github\SmartGridReady\SGrPythonSamples\OpenCEM_main.py", function main, line 88
2024-10-04 08:40:19,368 ERROR: Unclosed client session
client_session: <aiohttp.client.ClientSession object at 0x0000028B04E67850> // File"C:\Users\david.zogg\AppData\Local\Programs\Python\Python310\lib\asyncio\base_events.py", function default_exception_handler, line 1744
2024-10-04 08:41:19,908 INFO: OpenCEM started // File"C:\DATA\Spinoff\Software\Github\SmartGridReady\SGrPythonSamples\OpenCEM_main.py", function main, line 88
2024-10-04 08:41:35,785 ERROR: Unclosed client session
client_session: <aiohttp.client.ClientSession object at 0x00000225BFAED000> // File"C:\Users\david.zogg\AppData\Local\Programs\Python\Python310\lib\asyncio\base_events.py", function default_exception_handler, line 1744
2024-10-04 11:45:14,413 INFO: OpenCEM started // File"C:\DATA\Spinoff\Software\Github\SmartGridReady\SGrPythonSamples\OpenCEM_main.py", function main, line 88
2024-10-04 11:45:41,140 ERROR: Unclosed client session
client_session: <aiohttp.client.ClientSession object at 0x0000019F72D2D030> // File"C:\Users\david.zogg\AppData\Local\Programs\Python\Python310\lib\asyncio\base_events.py", function default_exception_handler, line 1744
